Arguments: 
  D:\Program_D\Programming\TOOL\nodejs\node.exe C:\Users\양보승\AppData\Roaming\npm\node_modules\yarn\bin\yarn.js newStart

PATH: 
  C:\OracleClient\product\11.2.0\client_1\bin;C:\Program Files (x86)\Common Files\Oracle\Java\javapath;C:\Program Files (x86)\NVIDIA Corporation\PhysX\Common;C:\Windows\system32;C:\Windows;C:\Windows\System32\Wbem;C:\Windows\System32\WindowsPowerShell\v1.0\;C:\Windows\System32\OpenSSH\;C:\Program Files\dotnet\;C:\Program Files\Microsoft SQL Server\130\Tools\Binn\;C:\Program Files\Microsoft SQL Server\Client SDK\ODBC\170\Tools\Binn\;C:\Program Files Install\Programming\TOOL\Git\cmd;C:\Program Files (x86)\Microsoft SQL Server\150\Tools\Binn\;C:\Program Files\Microsoft SQL Server\150\Tools\Binn\;C:\Program Files\Microsoft SQL Server\150\DTS\Binn\;C:\Program Files Install\Programming\IDE\JDK\java-1.8.0-openjdk-1.8.0.242-1.b08.ojdkbuild.windows.x86_64\bin;D:\Program_D\Programming\TOOL\nodejs\;C:\Program Files\MySQL\MySQL Shell 8.0\bin\;C:\Users\양보승\AppData\Local\Microsoft\WindowsApps;C:\Program Files Install\Programming\IDE\InteliJ IDEA Community Edition 2020\IntelliJ IDEA Community Edition 2020.1.2\bin;;C:\Program Files\Bandizip\;C:\Program Files Install\Programming\IDE\Microsoft VS Code\bin;C:\UserFile\Anaconda;C:\UserFile\Anaconda\Library;C:\UserFile\Anaconda\Scripts;C:\Users\양보승\AppData\Roaming\npm

Yarn version: 
  1.22.10

Node version: 
  14.15.0

Platform: 
  win32 x64

Trace: 
  SyntaxError: D:\Document_D\Projects\Git\2020SWENGINEERING\baeuda-backend\package.json: Unexpected token s in JSON at position 356
      at JSON.parse (<anonymous>)
      at C:\Users\양보승\AppData\Roaming\npm\node_modules\yarn\lib\cli.js:1625:59
      at Generator.next (<anonymous>)
      at step (C:\Users\양보승\AppData\Roaming\npm\node_modules\yarn\lib\cli.js:310:30)
      at C:\Users\양보승\AppData\Roaming\npm\node_modules\yarn\lib\cli.js:321:13

npm manifest: 
  {
    "name": "baeuda-backend",
    "version": "0.0.0",
    "private": true,
    "scripts": {
      "start": "set PORT=3001&&node ./bin/www",
      "mainPage": "react-scripts start"
    },
    "dependencies": {
      "cookie-parser": "~1.4.4",
      "debug": "~2.6.9",
      "express": "~4.16.1",
      "http-errors": "~1.6.3",
      "jade": "~1.11.0",
      "morgan": "~1.9.1"
    }
  }
  s

yarn manifest: 
  No manifest

Lockfile: 
  No lockfile
